<?xml version="1.0" encoding="UTF-8"?>
<coverage generated="1614664896775" clover="3.2.0">
  <project timestamp="1614664896776" name="All files">
    <metrics statements="183" coveredstatements="183" conditionals="43" coveredconditionals="43" methods="56" coveredmethods="56" elements="282" coveredelements="282" complexity="0" loc="183" ncloc="183" packages="3" files="10" classes="10"/>
    <package name="src">
      <metrics statements="34" coveredstatements="34" conditionals="4" coveredconditionals="4" methods="11" coveredmethods="11"/>
      <file name="App.js" path="/home/raramuri/Desktop/groot/ankit/react_tasks/src/App.js">
        <metrics statements="34" coveredstatements="34" conditionals="4" coveredconditionals="4" methods="11" coveredmethods="11"/>
        <line num="12" count="32" type="stmt"/>
        <line num="13" count="31" type="stmt"/>
        <line num="14" count="31" type="stmt"/>
        <line num="15" count="31" type="stmt"/>
        <line num="16" count="31" type="stmt"/>
        <line num="17" count="31" type="stmt"/>
        <line num="18" count="31" type="stmt"/>
        <line num="19" count="8" type="stmt"/>
        <line num="22" count="8" type="cond" truecount="4" falsecount="0"/>
        <line num="23" count="6" type="stmt"/>
        <line num="24" count="6" type="stmt"/>
        <line num="26" count="8" type="stmt"/>
        <line num="28" count="31" type="stmt"/>
        <line num="29" count="2" type="stmt"/>
        <line num="31" count="31" type="stmt"/>
        <line num="32" count="1" type="stmt"/>
        <line num="34" count="31" type="stmt"/>
        <line num="35" count="1" type="stmt"/>
        <line num="39" count="31" type="stmt"/>
        <line num="40" count="1" type="stmt"/>
        <line num="41" count="1" type="stmt"/>
        <line num="42" count="1" type="stmt"/>
        <line num="45" count="1" type="stmt"/>
        <line num="46" count="1" type="stmt"/>
        <line num="47" count="1" type="stmt"/>
        <line num="49" count="31" type="stmt"/>
        <line num="50" count="2" type="stmt"/>
        <line num="52" count="31" type="stmt"/>
        <line num="53" count="2" type="stmt"/>
        <line num="55" count="31" type="stmt"/>
        <line num="56" count="1" type="stmt"/>
        <line num="59" count="31" type="stmt"/>
        <line num="81" count="29" type="stmt"/>
        <line num="92" count="9" type="stmt"/>
      </file>
    </package>
    <package name="src.Components">
      <metrics statements="28" coveredstatements="28" conditionals="4" coveredconditionals="4" methods="12" coveredmethods="12"/>
      <file name="Footer.js" path="/home/raramuri/Desktop/groot/ankit/react_tasks/src/Components/Footer.js">
        <metrics statements="2" coveredstatements="2" conditionals="2" coveredconditionals="2" methods="1" coveredmethods="1"/>
        <line num="5" count="13" type="stmt"/>
        <line num="26" count="3" type="stmt"/>
      </file>
      <file name="Main.js" path="/home/raramuri/Desktop/groot/ankit/react_tasks/src/Components/Main.js">
        <metrics statements="19" coveredstatements="19" conditionals="2" coveredconditionals="2" methods="7" coveredmethods="7"/>
        <line num="9" count="5" type="stmt"/>
        <line num="11" count="5" type="stmt"/>
        <line num="20" count="5" type="stmt"/>
        <line num="21" count="2" type="stmt"/>
        <line num="26" count="5" type="stmt"/>
        <line num="27" count="3" type="stmt"/>
        <line num="28" count="3" type="stmt"/>
        <line num="29" count="3" type="stmt"/>
        <line num="31" count="3" type="cond" truecount="2" falsecount="0"/>
        <line num="32" count="2" type="stmt"/>
        <line num="33" count="2" type="stmt"/>
        <line num="34" count="2" type="stmt"/>
        <line num="37" count="3" type="stmt"/>
        <line num="46" count="5" type="stmt"/>
        <line num="47" count="1" type="stmt"/>
        <line num="54" count="5" type="stmt"/>
        <line num="55" count="1" type="stmt"/>
        <line num="57" count="1" type="stmt"/>
        <line num="64" count="12" type="stmt"/>
      </file>
      <file name="TodoInput.js" path="/home/raramuri/Desktop/groot/ankit/react_tasks/src/Components/TodoInput.js">
        <metrics statements="2" coveredstatements="2" conditionals="0" coveredconditionals="0" methods="1" coveredmethods="1"/>
        <line num="6" count="13" type="stmt"/>
        <line num="28" count="3" type="stmt"/>
      </file>
      <file name="TodoList.js" path="/home/raramuri/Desktop/groot/ankit/react_tasks/src/Components/TodoList.js">
        <metrics statements="5" coveredstatements="5" conditionals="0" coveredconditionals="0" methods="3" coveredmethods="3"/>
        <line num="6" count="13" type="stmt"/>
        <line num="7" count="4" type="stmt"/>
        <line num="12" count="2" type="stmt"/>
        <line num="20" count="13" type="stmt"/>
        <line num="23" count="3" type="stmt"/>
      </file>
    </package>
    <package name="src.Task2Components">
      <metrics statements="121" coveredstatements="121" conditionals="35" coveredconditionals="35" methods="33" coveredmethods="33"/>
      <file name="EditModal.js" path="/home/raramuri/Desktop/groot/ankit/react_tasks/src/Task2Components/EditModal.js">
        <metrics statements="2" coveredstatements="2" conditionals="0" coveredconditionals="0" methods="1" coveredmethods="1"/>
        <line num="6" count="63" type="stmt"/>
        <line num="56" count="3" type="stmt"/>
      </file>
      <file name="HomeCard.js" path="/home/raramuri/Desktop/groot/ankit/react_tasks/src/Task2Components/HomeCard.js">
        <metrics statements="12" coveredstatements="12" conditionals="14" coveredconditionals="14" methods="5" coveredmethods="5"/>
        <line num="5" count="33" type="stmt"/>
        <line num="6" count="31" type="stmt"/>
        <line num="7" count="1" type="stmt"/>
        <line num="9" count="31" type="stmt"/>
        <line num="115" count="15" type="cond" truecount="2" falsecount="0"/>
        <line num="121" count="2" type="stmt"/>
        <line num="150" count="13" type="stmt"/>
        <line num="164" count="15" type="cond" truecount="2" falsecount="0"/>
        <line num="165" count="2" type="stmt"/>
        <line num="194" count="13" type="stmt"/>
        <line num="212" count="15" type="stmt"/>
        <line num="252" count="2" type="stmt"/>
      </file>
      <file name="List.js" path="/home/raramuri/Desktop/groot/ankit/react_tasks/src/Task2Components/List.js">
        <metrics statements="95" coveredstatements="95" conditionals="21" coveredconditionals="21" methods="23" coveredmethods="23"/>
        <line num="7" count="80" type="stmt"/>
        <line num="8" count="78" type="stmt"/>
        <line num="9" count="78" type="stmt"/>
        <line num="10" count="78" type="stmt"/>
        <line num="11" count="78" type="stmt"/>
        <line num="12" count="78" type="stmt"/>
        <line num="13" count="78" type="stmt"/>
        <line num="14" count="78" type="stmt"/>
        <line num="15" count="78" type="stmt"/>
        <line num="16" count="78" type="stmt"/>
        <line num="17" count="78" type="stmt"/>
        <line num="18" count="78" type="stmt"/>
        <line num="20" count="78" type="stmt"/>
        <line num="21" count="2" type="stmt"/>
        <line num="23" count="78" type="stmt"/>
        <line num="24" count="16" type="stmt"/>
        <line num="25" count="16" type="stmt"/>
        <line num="26" count="16" type="stmt"/>
        <line num="28" count="16" type="stmt"/>
        <line num="32" count="16" type="stmt"/>
        <line num="35" count="16" type="cond" truecount="4" falsecount="0"/>
        <line num="36" count="14" type="stmt"/>
        <line num="37" count="14" type="stmt"/>
        <line num="39" count="16" type="cond" truecount="2" falsecount="0"/>
        <line num="40" count="15" type="stmt"/>
        <line num="41" count="15" type="stmt"/>
        <line num="43" count="16" type="cond" truecount="2" falsecount="0"/>
        <line num="44" count="15" type="stmt"/>
        <line num="45" count="15" type="stmt"/>
        <line num="48" count="16" type="stmt"/>
        <line num="51" count="78" type="stmt"/>
        <line num="52" count="1" type="stmt"/>
        <line num="56" count="1" type="stmt"/>
        <line num="59" count="1" type="stmt"/>
        <line num="61" count="78" type="stmt"/>
        <line num="62" count="2" type="cond" truecount="5" falsecount="0"/>
        <line num="63" count="1" type="stmt"/>
        <line num="66" count="1" type="stmt"/>
        <line num="69" count="1" type="stmt"/>
        <line num="70" count="1" type="stmt"/>
        <line num="73" count="78" type="stmt"/>
        <line num="74" count="1" type="stmt"/>
        <line num="75" count="1" type="stmt"/>
        <line num="78" count="78" type="stmt"/>
        <line num="79" count="1" type="stmt"/>
        <line num="80" count="1" type="stmt"/>
        <line num="81" count="1" type="stmt"/>
        <line num="83" count="78" type="stmt"/>
        <line num="84" count="3" type="stmt"/>
        <line num="86" count="78" type="stmt"/>
        <line num="87" count="2" type="stmt"/>
        <line num="91" count="2" type="stmt"/>
        <line num="94" count="2" type="stmt"/>
        <line num="96" count="2" type="stmt"/>
        <line num="97" count="2" type="stmt"/>
        <line num="99" count="78" type="stmt"/>
        <line num="100" count="1" type="stmt"/>
        <line num="102" count="78" type="stmt"/>
        <line num="103" count="1" type="stmt"/>
        <line num="106" count="1" type="stmt"/>
        <line num="108" count="1" type="stmt"/>
        <line num="111" count="1" type="stmt"/>
        <line num="112" count="1" type="stmt"/>
        <line num="113" count="1" type="stmt"/>
        <line num="115" count="78" type="stmt"/>
        <line num="116" count="1" type="stmt"/>
        <line num="119" count="1" type="stmt"/>
        <line num="121" count="1" type="stmt"/>
        <line num="125" count="1" type="stmt"/>
        <line num="127" count="1" type="stmt"/>
        <line num="129" count="78" type="stmt"/>
        <line num="130" count="2" type="stmt"/>
        <line num="132" count="78" type="stmt"/>
        <line num="133" count="2" type="stmt"/>
        <line num="135" count="78" type="stmt"/>
        <line num="136" count="2" type="stmt"/>
        <line num="139" count="2" type="stmt"/>
        <line num="141" count="2" type="stmt"/>
        <line num="145" count="2" type="stmt"/>
        <line num="148" count="2" type="stmt"/>
        <line num="152" count="2" type="stmt"/>
        <line num="154" count="2" type="stmt"/>
        <line num="156" count="2" type="stmt"/>
        <line num="157" count="2" type="stmt"/>
        <line num="159" count="78" type="stmt"/>
        <line num="215" count="49" type="stmt"/>
        <line num="224" count="1" type="stmt"/>
        <line num="230" count="37" type="cond" truecount="2" falsecount="0"/>
        <line num="231" count="32" type="stmt"/>
        <line num="243" count="1" type="stmt"/>
        <line num="249" count="1" type="stmt"/>
        <line num="256" count="5" type="stmt"/>
        <line num="266" count="1" type="stmt"/>
        <line num="271" count="2" type="stmt"/>
        <line num="310" count="2" type="stmt"/>
      </file>
      <file name="Modal.js" path="/home/raramuri/Desktop/groot/ankit/react_tasks/src/Task2Components/Modal.js">
        <metrics statements="2" coveredstatements="2" conditionals="0" coveredconditionals="0" methods="1" coveredmethods="1"/>
        <line num="7" count="32" type="stmt"/>
        <line num="58" count="2" type="stmt"/>
      </file>
      <file name="NavBar.js" path="/home/raramuri/Desktop/groot/ankit/react_tasks/src/Task2Components/NavBar.js">
        <metrics statements="10" coveredstatements="10" conditionals="0" coveredconditionals="0" methods="3" coveredmethods="3"/>
        <line num="7" count="36" type="stmt"/>
        <line num="8" count="34" type="stmt"/>
        <line num="9" count="3" type="stmt"/>
        <line num="10" count="3" type="stmt"/>
        <line num="12" count="34" type="stmt"/>
        <line num="13" count="1" type="stmt"/>
        <line num="14" count="1" type="stmt"/>
        <line num="15" count="1" type="stmt"/>
        <line num="17" count="34" type="stmt"/>
        <line num="108" count="2" type="stmt"/>
      </file>
    </package>
  </project>
</coverage>
