{"/home/raramuri/Desktop/groot/ankit/react_tasks/src/App.js": {"path":"/home/raramuri/Desktop/groot/ankit/react_tasks/src/App.js","statementMap":{"0":{"start":{"line":12,"column":34},"end":{"line":12,"column":46}},"1":{"start":{"line":13,"column":32},"end":{"line":13,"column":46}},"2":{"start":{"line":14,"column":38},"end":{"line":14,"column":53}},"3":{"start":{"line":15,"column":36},"end":{"line":15,"column":50}},"4":{"start":{"line":16,"column":40},"end":{"line":16,"column":50}},"5":{"start":{"line":17,"column":30},"end":{"line":17,"column":40}},"6":{"start":{"line":18,"column":2},"end":{"line":27,"column":8}},"7":{"start":{"line":19,"column":21},"end":{"line":21,"column":5}},"8":{"start":{"line":22,"column":4},"end":{"line":25,"column":5}},"9":{"start":{"line":23,"column":6},"end":{"line":23,"column":32}},"10":{"start":{"line":24,"column":6},"end":{"line":24,"column":32}},"11":{"start":{"line":26,"column":4},"end":{"line":26,"column":21}},"12":{"start":{"line":28,"column":20},"end":{"line":30,"column":3}},"13":{"start":{"line":29,"column":4},"end":{"line":29,"column":30}},"14":{"start":{"line":31,"column":25},"end":{"line":33,"column":3}},"15":{"start":{"line":32,"column":4},"end":{"line":32,"column":32}},"16":{"start":{"line":34,"column":18},"end":{"line":38,"column":3}},"17":{"start":{"line":35,"column":4},"end":{"line":37,"column":5}},"18":{"start":{"line":39,"column":23},"end":{"line":48,"column":3}},"19":{"start":{"line":40,"column":4},"end":{"line":40,"column":15}},"20":{"start":{"line":41,"column":4},"end":{"line":41,"column":13}},"21":{"start":{"line":42,"column":21},"end":{"line":44,"column":5}},"22":{"start":{"line":45,"column":4},"end":{"line":45,"column":30}},"23":{"start":{"line":46,"column":4},"end":{"line":46,"column":21}},"24":{"start":{"line":47,"column":4},"end":{"line":47,"column":28}},"25":{"start":{"line":49,"column":25},"end":{"line":51,"column":3}},"26":{"start":{"line":50,"column":4},"end":{"line":50,"column":34}},"27":{"start":{"line":52,"column":22},"end":{"line":54,"column":3}},"28":{"start":{"line":53,"column":4},"end":{"line":53,"column":20}},"29":{"start":{"line":55,"column":18},"end":{"line":57,"column":3}},"30":{"start":{"line":56,"column":4},"end":{"line":56,"column":21}},"31":{"start":{"line":59,"column":2},"end":{"line":98,"column":3}},"32":{"start":{"line":81,"column":14},"end":{"line":87,"column":26}},"33":{"start":{"line":92,"column":29},"end":{"line":92,"column":60}}},"fnMap":{"0":{"name":"App","decl":{"start":{"line":11,"column":9},"end":{"line":11,"column":12}},"loc":{"start":{"line":11,"column":15},"end":{"line":99,"column":1}},"line":11},"1":{"name":"(anonymous_1)","decl":{"start":{"line":18,"column":12},"end":{"line":18,"column":13}},"loc":{"start":{"line":18,"column":24},"end":{"line":27,"column":3}},"line":18},"2":{"name":"(anonymous_2)","decl":{"start":{"line":28,"column":20},"end":{"line":28,"column":21}},"loc":{"start":{"line":28,"column":26},"end":{"line":30,"column":3}},"line":28},"3":{"name":"(anonymous_3)","decl":{"start":{"line":31,"column":25},"end":{"line":31,"column":26}},"loc":{"start":{"line":31,"column":32},"end":{"line":33,"column":3}},"line":31},"4":{"name":"(anonymous_4)","decl":{"start":{"line":34,"column":18},"end":{"line":34,"column":19}},"loc":{"start":{"line":34,"column":30},"end":{"line":38,"column":3}},"line":34},"5":{"name":"(anonymous_5)","decl":{"start":{"line":39,"column":23},"end":{"line":39,"column":24}},"loc":{"start":{"line":39,"column":35},"end":{"line":48,"column":3}},"line":39},"6":{"name":"(anonymous_6)","decl":{"start":{"line":49,"column":25},"end":{"line":49,"column":26}},"loc":{"start":{"line":49,"column":32},"end":{"line":51,"column":3}},"line":49},"7":{"name":"(anonymous_7)","decl":{"start":{"line":52,"column":22},"end":{"line":52,"column":23}},"loc":{"start":{"line":52,"column":33},"end":{"line":54,"column":3}},"line":52},"8":{"name":"(anonymous_8)","decl":{"start":{"line":55,"column":18},"end":{"line":55,"column":19}},"loc":{"start":{"line":55,"column":28},"end":{"line":57,"column":3}},"line":55},"9":{"name":"(anonymous_9)","decl":{"start":{"line":80,"column":23},"end":{"line":80,"column":24}},"loc":{"start":{"line":81,"column":14},"end":{"line":87,"column":26}},"line":81},"10":{"name":"(anonymous_10)","decl":{"start":{"line":92,"column":23},"end":{"line":92,"column":24}},"loc":{"start":{"line":92,"column":29},"end":{"line":92,"column":60}},"line":92}},"branchMap":{"0":{"loc":{"start":{"line":22,"column":4},"end":{"line":25,"column":5}},"type":"if","locations":[{"start":{"line":22,"column":4},"end":{"line":25,"column":5}},{"start":{"line":22,"column":4},"end":{"line":25,"column":5}}],"line":22},"1":{"loc":{"start":{"line":22,"column":8},"end":{"line":22,"column":33}},"type":"binary-expr","locations":[{"start":{"line":22,"column":8},"end":{"line":22,"column":16}},{"start":{"line":22,"column":20},"end":{"line":22,"column":33}}],"line":22}},"s":{"0":32,"1":31,"2":31,"3":31,"4":31,"5":31,"6":31,"7":8,"8":8,"9":6,"10":6,"11":8,"12":31,"13":2,"14":31,"15":1,"16":31,"17":1,"18":31,"19":1,"20":1,"21":1,"22":1,"23":1,"24":1,"25":31,"26":2,"27":31,"28":2,"29":31,"30":1,"31":31,"32":29,"33":9},"f":{"0":32,"1":8,"2":2,"3":1,"4":1,"5":1,"6":2,"7":2,"8":1,"9":29,"10":9},"b":{"0":[6,2],"1":[8,8]},"_coverageSchema":"1a1c01bbd47fc00a2c39e90264f33305004495a9","hash":"d2963062d2ff1fb51c2de9db6aeeb7fba0608b8b"}
,"/home/raramuri/Desktop/groot/ankit/react_tasks/src/Components/Footer.js": {"path":"/home/raramuri/Desktop/groot/ankit/react_tasks/src/Components/Footer.js","statementMap":{"0":{"start":{"line":5,"column":4},"end":{"line":23,"column":5}},"1":{"start":{"line":26,"column":0},"end":{"line":29,"column":1}}},"fnMap":{"0":{"name":"(anonymous_0)","decl":{"start":{"line":4,"column":2},"end":{"line":4,"column":3}},"loc":{"start":{"line":4,"column":11},"end":{"line":24,"column":3}},"line":4}},"branchMap":{"0":{"loc":{"start":{"line":9,"column":11},"end":{"line":13,"column":11}},"type":"cond-expr","locations":[{"start":{"line":10,"column":12},"end":{"line":10,"column":54}},{"start":{"line":12,"column":12},"end":{"line":12,"column":60}}],"line":9}},"s":{"0":13,"1":3},"f":{"0":13},"b":{"0":[3,10]},"_coverageSchema":"1a1c01bbd47fc00a2c39e90264f33305004495a9","hash":"f15b5de96be7ef244be0480ebcce556a14b51ac0"}
,"/home/raramuri/Desktop/groot/ankit/react_tasks/src/Components/Main.js": {"path":"/home/raramuri/Desktop/groot/ankit/react_tasks/src/Components/Main.js","statementMap":{"0":{"start":{"line":9,"column":4},"end":{"line":9,"column":16}},"1":{"start":{"line":11,"column":4},"end":{"line":17,"column":5}},"2":{"start":{"line":20,"column":17},"end":{"line":24,"column":3}},"3":{"start":{"line":21,"column":4},"end":{"line":23,"column":6}},"4":{"start":{"line":26,"column":13},"end":{"line":44,"column":3}},"5":{"start":{"line":27,"column":22},"end":{"line":27,"column":38}},"6":{"start":{"line":28,"column":15},"end":{"line":28,"column":31}},"7":{"start":{"line":29,"column":17},"end":{"line":29,"column":30}},"8":{"start":{"line":31,"column":4},"end":{"line":35,"column":5}},"9":{"start":{"line":32,"column":6},"end":{"line":32,"column":12}},"10":{"start":{"line":33,"column":6},"end":{"line":33,"column":25}},"11":{"start":{"line":34,"column":6},"end":{"line":34,"column":80}},"12":{"start":{"line":37,"column":4},"end":{"line":43,"column":6}},"13":{"start":{"line":46,"column":13},"end":{"line":52,"column":3}},"14":{"start":{"line":47,"column":4},"end":{"line":51,"column":6}},"15":{"start":{"line":54,"column":11},"end":{"line":61,"column":3}},"16":{"start":{"line":55,"column":24},"end":{"line":55,"column":73}},"17":{"start":{"line":55,"column":58},"end":{"line":55,"column":72}},"18":{"start":{"line":57,"column":4},"end":{"line":60,"column":6}},"19":{"start":{"line":64,"column":4},"end":{"line":77,"column":5}}},"fnMap":{"0":{"name":"(anonymous_0)","decl":{"start":{"line":8,"column":2},"end":{"line":8,"column":3}},"loc":{"start":{"line":8,"column":21},"end":{"line":18,"column":3}},"line":8},"1":{"name":"(anonymous_1)","decl":{"start":{"line":20,"column":17},"end":{"line":20,"column":18}},"loc":{"start":{"line":20,"column":24},"end":{"line":24,"column":3}},"line":20},"2":{"name":"(anonymous_2)","decl":{"start":{"line":26,"column":13},"end":{"line":26,"column":14}},"loc":{"start":{"line":26,"column":19},"end":{"line":44,"column":3}},"line":26},"3":{"name":"(anonymous_3)","decl":{"start":{"line":46,"column":13},"end":{"line":46,"column":14}},"loc":{"start":{"line":46,"column":19},"end":{"line":52,"column":3}},"line":46},"4":{"name":"(anonymous_4)","decl":{"start":{"line":54,"column":11},"end":{"line":54,"column":12}},"loc":{"start":{"line":54,"column":19},"end":{"line":61,"column":3}},"line":54},"5":{"name":"(anonymous_5)","decl":{"start":{"line":55,"column":48},"end":{"line":55,"column":49}},"loc":{"start":{"line":55,"column":58},"end":{"line":55,"column":72}},"line":55},"6":{"name":"(anonymous_6)","decl":{"start":{"line":63,"column":2},"end":{"line":63,"column":3}},"loc":{"start":{"line":63,"column":11},"end":{"line":78,"column":3}},"line":63}},"branchMap":{"0":{"loc":{"start":{"line":31,"column":4},"end":{"line":35,"column":5}},"type":"if","locations":[{"start":{"line":31,"column":4},"end":{"line":35,"column":5}},{"start":{"line":31,"column":4},"end":{"line":35,"column":5}}],"line":31}},"s":{"0":5,"1":5,"2":5,"3":2,"4":5,"5":3,"6":3,"7":3,"8":3,"9":2,"10":2,"11":2,"12":3,"13":5,"14":1,"15":5,"16":1,"17":1,"18":1,"19":12},"f":{"0":5,"1":2,"2":3,"3":1,"4":1,"5":1,"6":12},"b":{"0":[2,1]},"_coverageSchema":"1a1c01bbd47fc00a2c39e90264f33305004495a9","hash":"57c13f192a794a52e1273db286353d1a035383d2"}
,"/home/raramuri/Desktop/groot/ankit/react_tasks/src/Components/TodoInput.js": {"path":"/home/raramuri/Desktop/groot/ankit/react_tasks/src/Components/TodoInput.js","statementMap":{"0":{"start":{"line":6,"column":4},"end":{"line":25,"column":5}},"1":{"start":{"line":28,"column":0},"end":{"line":32,"column":1}}},"fnMap":{"0":{"name":"(anonymous_0)","decl":{"start":{"line":5,"column":2},"end":{"line":5,"column":3}},"loc":{"start":{"line":5,"column":11},"end":{"line":26,"column":3}},"line":5}},"branchMap":{},"s":{"0":13,"1":3},"f":{"0":13},"b":{},"_coverageSchema":"1a1c01bbd47fc00a2c39e90264f33305004495a9","hash":"82f9fd15fb0f32b04b8e5d8e6e763228be24f462"}
,"/home/raramuri/Desktop/groot/ankit/react_tasks/src/Components/TodoList.js": {"path":"/home/raramuri/Desktop/groot/ankit/react_tasks/src/Components/TodoList.js","statementMap":{"0":{"start":{"line":6,"column":16},"end":{"line":19,"column":6}},"1":{"start":{"line":7,"column":6},"end":{"line":18,"column":7}},"2":{"start":{"line":12,"column":27},"end":{"line":12,"column":53}},"3":{"start":{"line":20,"column":4},"end":{"line":20,"column":46}},"4":{"start":{"line":23,"column":0},"end":{"line":26,"column":1}}},"fnMap":{"0":{"name":"(anonymous_0)","decl":{"start":{"line":5,"column":2},"end":{"line":5,"column":3}},"loc":{"start":{"line":5,"column":11},"end":{"line":21,"column":3}},"line":5},"1":{"name":"(anonymous_1)","decl":{"start":{"line":6,"column":38},"end":{"line":6,"column":39}},"loc":{"start":{"line":6,"column":48},"end":{"line":19,"column":5}},"line":6},"2":{"name":"(anonymous_2)","decl":{"start":{"line":12,"column":21},"end":{"line":12,"column":22}},"loc":{"start":{"line":12,"column":27},"end":{"line":12,"column":53}},"line":12}},"branchMap":{},"s":{"0":13,"1":4,"2":2,"3":13,"4":3},"f":{"0":13,"1":4,"2":2},"b":{},"_coverageSchema":"1a1c01bbd47fc00a2c39e90264f33305004495a9","hash":"2014bd714d70d2850b45ff5c5bef6e8d3fd73580"}
,"/home/raramuri/Desktop/groot/ankit/react_tasks/src/Task2Components/EditModal.js": {"path":"/home/raramuri/Desktop/groot/ankit/react_tasks/src/Task2Components/EditModal.js","statementMap":{"0":{"start":{"line":6,"column":2},"end":{"line":53,"column":3}},"1":{"start":{"line":56,"column":0},"end":{"line":62,"column":1}}},"fnMap":{"0":{"name":"EditModal","decl":{"start":{"line":5,"column":9},"end":{"line":5,"column":18}},"loc":{"start":{"line":5,"column":26},"end":{"line":54,"column":1}},"line":5}},"branchMap":{},"s":{"0":63,"1":3},"f":{"0":63},"b":{},"_coverageSchema":"1a1c01bbd47fc00a2c39e90264f33305004495a9","hash":"5f6a8800001ca5a82e3a05c261866bdc17cf2c54"}
,"/home/raramuri/Desktop/groot/ankit/react_tasks/src/Task2Components/HomeCard.js": {"path":"/home/raramuri/Desktop/groot/ankit/react_tasks/src/Task2Components/HomeCard.js","statementMap":{"0":{"start":{"line":5,"column":28},"end":{"line":5,"column":42}},"1":{"start":{"line":6,"column":17},"end":{"line":8,"column":3}},"2":{"start":{"line":7,"column":4},"end":{"line":7,"column":20}},"3":{"start":{"line":9,"column":2},"end":{"line":250,"column":3}},"4":{"start":{"line":115,"column":16},"end":{"line":151,"column":17}},"5":{"start":{"line":121,"column":18},"end":{"line":148,"column":19}},"6":{"start":{"line":150,"column":18},"end":{"line":150,"column":63}},"7":{"start":{"line":164,"column":14},"end":{"line":195,"column":15}},"8":{"start":{"line":165,"column":16},"end":{"line":192,"column":17}},"9":{"start":{"line":194,"column":16},"end":{"line":194,"column":25}},"10":{"start":{"line":212,"column":14},"end":{"line":240,"column":15}},"11":{"start":{"line":252,"column":0},"end":{"line":258,"column":1}}},"fnMap":{"0":{"name":"HomeCard","decl":{"start":{"line":4,"column":9},"end":{"line":4,"column":17}},"loc":{"start":{"line":4,"column":25},"end":{"line":251,"column":1}},"line":4},"1":{"name":"(anonymous_1)","decl":{"start":{"line":6,"column":17},"end":{"line":6,"column":18}},"loc":{"start":{"line":6,"column":23},"end":{"line":8,"column":3}},"line":6},"2":{"name":"(anonymous_2)","decl":{"start":{"line":114,"column":33},"end":{"line":114,"column":34}},"loc":{"start":{"line":114,"column":43},"end":{"line":152,"column":15}},"line":114},"3":{"name":"(anonymous_3)","decl":{"start":{"line":163,"column":31},"end":{"line":163,"column":32}},"loc":{"start":{"line":163,"column":41},"end":{"line":196,"column":13}},"line":163},"4":{"name":"(anonymous_4)","decl":{"start":{"line":211,"column":31},"end":{"line":211,"column":32}},"loc":{"start":{"line":211,"column":41},"end":{"line":241,"column":13}},"line":211}},"branchMap":{"0":{"loc":{"start":{"line":113,"column":13},"end":{"line":152,"column":16}},"type":"binary-expr","locations":[{"start":{"line":113,"column":13},"end":{"line":113,"column":27}},{"start":{"line":114,"column":14},"end":{"line":152,"column":16}}],"line":113},"1":{"loc":{"start":{"line":115,"column":16},"end":{"line":151,"column":17}},"type":"if","locations":[{"start":{"line":115,"column":16},"end":{"line":151,"column":17}},{"start":{"line":115,"column":16},"end":{"line":151,"column":17}}],"line":115},"2":{"loc":{"start":{"line":116,"column":18},"end":{"line":119,"column":72}},"type":"binary-expr","locations":[{"start":{"line":116,"column":18},"end":{"line":116,"column":35}},{"start":{"line":117,"column":18},"end":{"line":117,"column":42}},{"start":{"line":118,"column":19},"end":{"line":118,"column":70}},{"start":{"line":119,"column":20},"end":{"line":119,"column":71}}],"line":116},"3":{"loc":{"start":{"line":162,"column":11},"end":{"line":196,"column":14}},"type":"binary-expr","locations":[{"start":{"line":162,"column":11},"end":{"line":162,"column":25}},{"start":{"line":163,"column":12},"end":{"line":196,"column":14}}],"line":162},"4":{"loc":{"start":{"line":164,"column":14},"end":{"line":195,"column":15}},"type":"if","locations":[{"start":{"line":164,"column":14},"end":{"line":195,"column":15}},{"start":{"line":164,"column":14},"end":{"line":195,"column":15}}],"line":164},"5":{"loc":{"start":{"line":210,"column":11},"end":{"line":241,"column":14}},"type":"binary-expr","locations":[{"start":{"line":210,"column":11},"end":{"line":210,"column":25}},{"start":{"line":211,"column":12},"end":{"line":241,"column":14}}],"line":210}},"s":{"0":33,"1":31,"2":1,"3":31,"4":15,"5":2,"6":13,"7":15,"8":2,"9":13,"10":15,"11":2},"f":{"0":33,"1":1,"2":15,"3":15,"4":15},"b":{"0":[31,30],"1":[2,13],"2":[15,4,4,2],"3":[31,30],"4":[2,13],"5":[31,30]},"_coverageSchema":"1a1c01bbd47fc00a2c39e90264f33305004495a9","hash":"a31c57bc58606c4a125c42728df6d57be7665047"}
,"/home/raramuri/Desktop/groot/ankit/react_tasks/src/Task2Components/List.js": {"path":"/home/raramuri/Desktop/groot/ankit/react_tasks/src/Task2Components/List.js","statementMap":{"0":{"start":{"line":7,"column":34},"end":{"line":7,"column":44}},"1":{"start":{"line":8,"column":34},"end":{"line":8,"column":46}},"2":{"start":{"line":9,"column":17},"end":{"line":9,"column":28}},"3":{"start":{"line":10,"column":36},"end":{"line":10,"column":48}},"4":{"start":{"line":11,"column":40},"end":{"line":11,"column":55}},"5":{"start":{"line":12,"column":33},"end":{"line":12,"column":43}},"6":{"start":{"line":13,"column":26},"end":{"line":13,"column":36}},"7":{"start":{"line":14,"column":32},"end":{"line":14,"column":42}},"8":{"start":{"line":15,"column":38},"end":{"line":15,"column":48}},"9":{"start":{"line":16,"column":28},"end":{"line":16,"column":38}},"10":{"start":{"line":17,"column":42},"end":{"line":17,"column":57}},"11":{"start":{"line":18,"column":36},"end":{"line":18,"column":46}},"12":{"start":{"line":20,"column":25},"end":{"line":22,"column":3}},"13":{"start":{"line":21,"column":4},"end":{"line":21,"column":27}},"14":{"start":{"line":23,"column":2},"end":{"line":49,"column":8}},"15":{"start":{"line":24,"column":4},"end":{"line":24,"column":43}},"16":{"start":{"line":25,"column":17},"end":{"line":47,"column":5}},"17":{"start":{"line":26,"column":23},"end":{"line":27,"column":10}},"18":{"start":{"line":28,"column":19},"end":{"line":30,"column":7}},"19":{"start":{"line":32,"column":20},"end":{"line":34,"column":7}},"20":{"start":{"line":35,"column":6},"end":{"line":38,"column":7}},"21":{"start":{"line":36,"column":8},"end":{"line":36,"column":40}},"22":{"start":{"line":37,"column":8},"end":{"line":37,"column":28}},"23":{"start":{"line":39,"column":6},"end":{"line":42,"column":7}},"24":{"start":{"line":40,"column":8},"end":{"line":40,"column":34}},"25":{"start":{"line":41,"column":8},"end":{"line":41,"column":42}},"26":{"start":{"line":43,"column":6},"end":{"line":46,"column":7}},"27":{"start":{"line":44,"column":8},"end":{"line":44,"column":30}},"28":{"start":{"line":45,"column":8},"end":{"line":45,"column":38}},"29":{"start":{"line":48,"column":4},"end":{"line":48,"column":10}},"30":{"start":{"line":51,"column":21},"end":{"line":60,"column":3}},"31":{"start":{"line":52,"column":4},"end":{"line":54,"column":5}},"32":{"start":{"line":56,"column":17},"end":{"line":58,"column":5}},"33":{"start":{"line":59,"column":4},"end":{"line":59,"column":26}},"34":{"start":{"line":61,"column":21},"end":{"line":72,"column":3}},"35":{"start":{"line":62,"column":4},"end":{"line":71,"column":5}},"36":{"start":{"line":63,"column":6},"end":{"line":65,"column":7}},"37":{"start":{"line":66,"column":19},"end":{"line":68,"column":7}},"38":{"start":{"line":69,"column":6},"end":{"line":69,"column":28}},"39":{"start":{"line":70,"column":6},"end":{"line":70,"column":58}},"40":{"start":{"line":73,"column":27},"end":{"line":76,"column":3}},"41":{"start":{"line":74,"column":4},"end":{"line":74,"column":21}},"42":{"start":{"line":75,"column":4},"end":{"line":75,"column":21}},"43":{"start":{"line":78,"column":23},"end":{"line":82,"column":3}},"44":{"start":{"line":79,"column":4},"end":{"line":79,"column":22}},"45":{"start":{"line":80,"column":4},"end":{"line":80,"column":32}},"46":{"start":{"line":81,"column":4},"end":{"line":81,"column":25}},"47":{"start":{"line":83,"column":26},"end":{"line":85,"column":3}},"48":{"start":{"line":84,"column":4},"end":{"line":84,"column":32}},"49":{"start":{"line":86,"column":19},"end":{"line":98,"column":3}},"50":{"start":{"line":87,"column":4},"end":{"line":89,"column":5}},"51":{"start":{"line":91,"column":17},"end":{"line":93,"column":5}},"52":{"start":{"line":94,"column":4},"end":{"line":94,"column":26}},"53":{"start":{"line":96,"column":4},"end":{"line":96,"column":21}},"54":{"start":{"line":97,"column":4},"end":{"line":97,"column":71}},"55":{"start":{"line":99,"column":26},"end":{"line":101,"column":3}},"56":{"start":{"line":100,"column":4},"end":{"line":100,"column":30}},"57":{"start":{"line":102,"column":21},"end":{"line":114,"column":3}},"58":{"start":{"line":103,"column":4},"end":{"line":105,"column":5}},"59":{"start":{"line":106,"column":21},"end":{"line":107,"column":6}},"60":{"start":{"line":108,"column":17},"end":{"line":110,"column":5}},"61":{"start":{"line":111,"column":4},"end":{"line":111,"column":30}},"62":{"start":{"line":112,"column":4},"end":{"line":112,"column":26}},"63":{"start":{"line":113,"column":4},"end":{"line":113,"column":52}},"64":{"start":{"line":115,"column":24},"end":{"line":128,"column":3}},"65":{"start":{"line":116,"column":4},"end":{"line":118,"column":5}},"66":{"start":{"line":119,"column":21},"end":{"line":120,"column":10}},"67":{"start":{"line":121,"column":17},"end":{"line":123,"column":5}},"68":{"start":{"line":125,"column":4},"end":{"line":125,"column":30}},"69":{"start":{"line":127,"column":4},"end":{"line":127,"column":26}},"70":{"start":{"line":129,"column":26},"end":{"line":131,"column":3}},"71":{"start":{"line":130,"column":4},"end":{"line":130,"column":34}},"72":{"start":{"line":132,"column":21},"end":{"line":134,"column":3}},"73":{"start":{"line":133,"column":4},"end":{"line":133,"column":32}},"74":{"start":{"line":135,"column":17},"end":{"line":158,"column":3}},"75":{"start":{"line":136,"column":4},"end":{"line":138,"column":5}},"76":{"start":{"line":139,"column":21},"end":{"line":140,"column":6}},"77":{"start":{"line":141,"column":17},"end":{"line":143,"column":5}},"78":{"start":{"line":145,"column":18},"end":{"line":147,"column":5}},"79":{"start":{"line":148,"column":24},"end":{"line":150,"column":5}},"80":{"start":{"line":152,"column":4},"end":{"line":152,"column":24}},"81":{"start":{"line":154,"column":4},"end":{"line":154,"column":30}},"82":{"start":{"line":156,"column":4},"end":{"line":156,"column":26}},"83":{"start":{"line":157,"column":4},"end":{"line":157,"column":35}},"84":{"start":{"line":159,"column":2},"end":{"line":308,"column":3}},"85":{"start":{"line":215,"column":16},"end":{"line":276,"column":17}},"86":{"start":{"line":224,"column":39},"end":{"line":224,"column":61}},"87":{"start":{"line":230,"column":24},"end":{"line":257,"column":25}},"88":{"start":{"line":231,"column":26},"end":{"line":254,"column":27}},"89":{"start":{"line":243,"column":49},"end":{"line":243,"column":68}},"90":{"start":{"line":249,"column":36},"end":{"line":249,"column":72}},"91":{"start":{"line":256,"column":26},"end":{"line":256,"column":69}},"92":{"start":{"line":266,"column":39},"end":{"line":266,"column":63}},"93":{"start":{"line":271,"column":37},"end":{"line":271,"column":56}},"94":{"start":{"line":310,"column":0},"end":{"line":312,"column":1}}},"fnMap":{"0":{"name":"List","decl":{"start":{"line":6,"column":9},"end":{"line":6,"column":13}},"loc":{"start":{"line":6,"column":21},"end":{"line":309,"column":1}},"line":6},"1":{"name":"(anonymous_1)","decl":{"start":{"line":20,"column":25},"end":{"line":20,"column":26}},"loc":{"start":{"line":20,"column":32},"end":{"line":22,"column":3}},"line":20},"2":{"name":"(anonymous_2)","decl":{"start":{"line":23,"column":12},"end":{"line":23,"column":13}},"loc":{"start":{"line":23,"column":18},"end":{"line":49,"column":3}},"line":23},"3":{"name":"(anonymous_3)","decl":{"start":{"line":25,"column":17},"end":{"line":25,"column":18}},"loc":{"start":{"line":25,"column":29},"end":{"line":47,"column":5}},"line":25},"4":{"name":"(anonymous_4)","decl":{"start":{"line":51,"column":21},"end":{"line":51,"column":22}},"loc":{"start":{"line":51,"column":39},"end":{"line":60,"column":3}},"line":51},"5":{"name":"(anonymous_5)","decl":{"start":{"line":61,"column":21},"end":{"line":61,"column":22}},"loc":{"start":{"line":61,"column":39},"end":{"line":72,"column":3}},"line":61},"6":{"name":"(anonymous_6)","decl":{"start":{"line":73,"column":27},"end":{"line":73,"column":28}},"loc":{"start":{"line":73,"column":51},"end":{"line":76,"column":3}},"line":73},"7":{"name":"(anonymous_7)","decl":{"start":{"line":78,"column":23},"end":{"line":78,"column":24}},"loc":{"start":{"line":78,"column":38},"end":{"line":82,"column":3}},"line":78},"8":{"name":"(anonymous_8)","decl":{"start":{"line":83,"column":26},"end":{"line":83,"column":27}},"loc":{"start":{"line":83,"column":32},"end":{"line":85,"column":3}},"line":83},"9":{"name":"(anonymous_9)","decl":{"start":{"line":86,"column":19},"end":{"line":86,"column":20}},"loc":{"start":{"line":86,"column":31},"end":{"line":98,"column":3}},"line":86},"10":{"name":"(anonymous_10)","decl":{"start":{"line":99,"column":26},"end":{"line":99,"column":27}},"loc":{"start":{"line":99,"column":33},"end":{"line":101,"column":3}},"line":99},"11":{"name":"(anonymous_11)","decl":{"start":{"line":102,"column":21},"end":{"line":102,"column":22}},"loc":{"start":{"line":102,"column":33},"end":{"line":114,"column":3}},"line":102},"12":{"name":"(anonymous_12)","decl":{"start":{"line":115,"column":24},"end":{"line":115,"column":25}},"loc":{"start":{"line":115,"column":42},"end":{"line":128,"column":3}},"line":115},"13":{"name":"(anonymous_13)","decl":{"start":{"line":129,"column":26},"end":{"line":129,"column":27}},"loc":{"start":{"line":129,"column":32},"end":{"line":131,"column":3}},"line":129},"14":{"name":"(anonymous_14)","decl":{"start":{"line":132,"column":21},"end":{"line":132,"column":22}},"loc":{"start":{"line":132,"column":28},"end":{"line":134,"column":3}},"line":132},"15":{"name":"(anonymous_15)","decl":{"start":{"line":135,"column":17},"end":{"line":135,"column":18}},"loc":{"start":{"line":135,"column":29},"end":{"line":158,"column":3}},"line":135},"16":{"name":"(anonymous_16)","decl":{"start":{"line":214,"column":27},"end":{"line":214,"column":28}},"loc":{"start":{"line":214,"column":37},"end":{"line":277,"column":15}},"line":214},"17":{"name":"(anonymous_17)","decl":{"start":{"line":224,"column":33},"end":{"line":224,"column":34}},"loc":{"start":{"line":224,"column":39},"end":{"line":224,"column":61}},"line":224},"18":{"name":"(anonymous_18)","decl":{"start":{"line":229,"column":36},"end":{"line":229,"column":37}},"loc":{"start":{"line":229,"column":46},"end":{"line":258,"column":23}},"line":229},"19":{"name":"(anonymous_19)","decl":{"start":{"line":243,"column":43},"end":{"line":243,"column":44}},"loc":{"start":{"line":243,"column":49},"end":{"line":243,"column":68}},"line":243},"20":{"name":"(anonymous_20)","decl":{"start":{"line":248,"column":43},"end":{"line":248,"column":44}},"loc":{"start":{"line":249,"column":36},"end":{"line":249,"column":72}},"line":249},"21":{"name":"(anonymous_21)","decl":{"start":{"line":266,"column":32},"end":{"line":266,"column":33}},"loc":{"start":{"line":266,"column":39},"end":{"line":266,"column":63}},"line":266},"22":{"name":"(anonymous_22)","decl":{"start":{"line":271,"column":31},"end":{"line":271,"column":32}},"loc":{"start":{"line":271,"column":37},"end":{"line":271,"column":56}},"line":271}},"branchMap":{"0":{"loc":{"start":{"line":35,"column":6},"end":{"line":38,"column":7}},"type":"if","locations":[{"start":{"line":35,"column":6},"end":{"line":38,"column":7}},{"start":{"line":35,"column":6},"end":{"line":38,"column":7}}],"line":35},"1":{"loc":{"start":{"line":35,"column":10},"end":{"line":35,"column":29}},"type":"binary-expr","locations":[{"start":{"line":35,"column":10},"end":{"line":35,"column":15}},{"start":{"line":35,"column":19},"end":{"line":35,"column":29}}],"line":35},"2":{"loc":{"start":{"line":39,"column":6},"end":{"line":42,"column":7}},"type":"if","locations":[{"start":{"line":39,"column":6},"end":{"line":42,"column":7}},{"start":{"line":39,"column":6},"end":{"line":42,"column":7}}],"line":39},"3":{"loc":{"start":{"line":43,"column":6},"end":{"line":46,"column":7}},"type":"if","locations":[{"start":{"line":43,"column":6},"end":{"line":46,"column":7}},{"start":{"line":43,"column":6},"end":{"line":46,"column":7}}],"line":43},"4":{"loc":{"start":{"line":62,"column":4},"end":{"line":71,"column":5}},"type":"if","locations":[{"start":{"line":62,"column":4},"end":{"line":71,"column":5}},{"start":{"line":62,"column":4},"end":{"line":71,"column":5}}],"line":62},"5":{"loc":{"start":{"line":62,"column":8},"end":{"line":62,"column":76}},"type":"binary-expr","locations":[{"start":{"line":62,"column":8},"end":{"line":62,"column":31}},{"start":{"line":62,"column":35},"end":{"line":62,"column":51}},{"start":{"line":62,"column":55},"end":{"line":62,"column":76}}],"line":62},"6":{"loc":{"start":{"line":161,"column":7},"end":{"line":306,"column":7}},"type":"cond-expr","locations":[{"start":{"line":162,"column":8},"end":{"line":303,"column":14}},{"start":{"line":305,"column":8},"end":{"line":305,"column":10}}],"line":161},"7":{"loc":{"start":{"line":161,"column":7},"end":{"line":161,"column":27}},"type":"binary-expr","locations":[{"start":{"line":161,"column":7},"end":{"line":161,"column":12}},{"start":{"line":161,"column":16},"end":{"line":161,"column":27}}],"line":161},"8":{"loc":{"start":{"line":213,"column":13},"end":{"line":280,"column":13}},"type":"cond-expr","locations":[{"start":{"line":214,"column":14},"end":{"line":277,"column":16}},{"start":{"line":279,"column":14},"end":{"line":279,"column":61}}],"line":213},"9":{"loc":{"start":{"line":230,"column":24},"end":{"line":257,"column":25}},"type":"if","locations":[{"start":{"line":230,"column":24},"end":{"line":257,"column":25}},{"start":{"line":230,"column":24},"end":{"line":257,"column":25}}],"line":230}},"s":{"0":80,"1":78,"2":78,"3":78,"4":78,"5":78,"6":78,"7":78,"8":78,"9":78,"10":78,"11":78,"12":78,"13":2,"14":78,"15":16,"16":16,"17":16,"18":16,"19":16,"20":16,"21":14,"22":14,"23":16,"24":15,"25":15,"26":16,"27":15,"28":15,"29":16,"30":78,"31":1,"32":1,"33":1,"34":78,"35":2,"36":1,"37":1,"38":1,"39":1,"40":78,"41":1,"42":1,"43":78,"44":1,"45":1,"46":1,"47":78,"48":3,"49":78,"50":2,"51":2,"52":2,"53":2,"54":2,"55":78,"56":1,"57":78,"58":1,"59":1,"60":1,"61":1,"62":1,"63":1,"64":78,"65":1,"66":1,"67":1,"68":1,"69":1,"70":78,"71":2,"72":78,"73":2,"74":78,"75":2,"76":2,"77":2,"78":2,"79":2,"80":2,"81":2,"82":2,"83":2,"84":78,"85":49,"86":1,"87":37,"88":32,"89":1,"90":1,"91":5,"92":1,"93":2,"94":2},"f":{"0":80,"1":2,"2":16,"3":16,"4":1,"5":2,"6":1,"7":1,"8":3,"9":2,"10":1,"11":1,"12":1,"13":2,"14":2,"15":2,"16":49,"17":1,"18":37,"19":1,"20":1,"21":1,"22":2},"b":{"0":[14,2],"1":[16,16],"2":[15,1],"3":[15,1],"4":[1,1],"5":[2,2,1],"6":[62,16],"7":[78,62],"8":[49,13],"9":[32,5]},"_coverageSchema":"1a1c01bbd47fc00a2c39e90264f33305004495a9","hash":"2f721f6262e989b8073735771131c0f7f1662afe"}
,"/home/raramuri/Desktop/groot/ankit/react_tasks/src/Task2Components/Modal.js": {"path":"/home/raramuri/Desktop/groot/ankit/react_tasks/src/Task2Components/Modal.js","statementMap":{"0":{"start":{"line":7,"column":2},"end":{"line":56,"column":3}},"1":{"start":{"line":58,"column":0},"end":{"line":64,"column":1}}},"fnMap":{"0":{"name":"Modal","decl":{"start":{"line":6,"column":9},"end":{"line":6,"column":14}},"loc":{"start":{"line":6,"column":22},"end":{"line":57,"column":1}},"line":6}},"branchMap":{},"s":{"0":32,"1":2},"f":{"0":32},"b":{},"_coverageSchema":"1a1c01bbd47fc00a2c39e90264f33305004495a9","hash":"4af99cc18ac0155d8cddb0221ed0771d8a8897ba"}
,"/home/raramuri/Desktop/groot/ankit/react_tasks/src/Task2Components/NavBar.js": {"path":"/home/raramuri/Desktop/groot/ankit/react_tasks/src/Task2Components/NavBar.js","statementMap":{"0":{"start":{"line":7,"column":36},"end":{"line":7,"column":51}},"1":{"start":{"line":8,"column":16},"end":{"line":11,"column":3}},"2":{"start":{"line":9,"column":4},"end":{"line":9,"column":28}},"3":{"start":{"line":10,"column":4},"end":{"line":10,"column":33}},"4":{"start":{"line":12,"column":22},"end":{"line":16,"column":3}},"5":{"start":{"line":13,"column":4},"end":{"line":13,"column":28}},"6":{"start":{"line":14,"column":4},"end":{"line":14,"column":33}},"7":{"start":{"line":15,"column":4},"end":{"line":15,"column":53}},"8":{"start":{"line":17,"column":2},"end":{"line":106,"column":3}},"9":{"start":{"line":108,"column":0},"end":{"line":112,"column":1}}},"fnMap":{"0":{"name":"NavBar","decl":{"start":{"line":6,"column":9},"end":{"line":6,"column":15}},"loc":{"start":{"line":6,"column":23},"end":{"line":107,"column":1}},"line":6},"1":{"name":"(anonymous_1)","decl":{"start":{"line":8,"column":16},"end":{"line":8,"column":17}},"loc":{"start":{"line":8,"column":22},"end":{"line":11,"column":3}},"line":8},"2":{"name":"(anonymous_2)","decl":{"start":{"line":12,"column":22},"end":{"line":12,"column":23}},"loc":{"start":{"line":12,"column":28},"end":{"line":16,"column":3}},"line":12}},"branchMap":{},"s":{"0":36,"1":34,"2":3,"3":3,"4":34,"5":1,"6":1,"7":1,"8":34,"9":2},"f":{"0":36,"1":3,"2":1},"b":{},"_coverageSchema":"1a1c01bbd47fc00a2c39e90264f33305004495a9","hash":"82c9b78b61798ac09a9b97313627eb070b1a3420"}
}
