TN:
SF:src/App.js
FN:11,App
FN:18,(anonymous_1)
FN:28,(anonymous_2)
FN:31,(anonymous_3)
FN:34,(anonymous_4)
FN:39,(anonymous_5)
FN:49,(anonymous_6)
FN:52,(anonymous_7)
FN:55,(anonymous_8)
FN:80,(anonymous_9)
FN:92,(anonymous_10)
FNF:11
FNH:11
FNDA:32,App
FNDA:8,(anonymous_1)
FNDA:2,(anonymous_2)
FNDA:1,(anonymous_3)
FNDA:1,(anonymous_4)
FNDA:1,(anonymous_5)
FNDA:2,(anonymous_6)
FNDA:2,(anonymous_7)
FNDA:1,(anonymous_8)
FNDA:29,(anonymous_9)
FNDA:9,(anonymous_10)
DA:12,32
DA:13,31
DA:14,31
DA:15,31
DA:16,31
DA:17,31
DA:18,31
DA:19,8
DA:22,8
DA:23,6
DA:24,6
DA:26,8
DA:28,31
DA:29,2
DA:31,31
DA:32,1
DA:34,31
DA:35,1
DA:39,31
DA:40,1
DA:41,1
DA:42,1
DA:45,1
DA:46,1
DA:47,1
DA:49,31
DA:50,2
DA:52,31
DA:53,2
DA:55,31
DA:56,1
DA:59,31
DA:81,29
DA:92,9
LF:34
LH:34
BRDA:22,0,0,6
BRDA:22,0,1,2
BRDA:22,1,0,8
BRDA:22,1,1,8
BRF:4
BRH:4
end_of_record
TN:
SF:src/Components/Footer.js
FN:4,(anonymous_0)
FNF:1
FNH:1
FNDA:13,(anonymous_0)
DA:5,13
DA:26,3
LF:2
LH:2
BRDA:9,0,0,3
BRDA:9,0,1,10
BRF:2
BRH:2
end_of_record
TN:
SF:src/Components/Main.js
FN:8,(anonymous_0)
FN:20,(anonymous_1)
FN:26,(anonymous_2)
FN:46,(anonymous_3)
FN:54,(anonymous_4)
FN:55,(anonymous_5)
FN:63,(anonymous_6)
FNF:7
FNH:7
FNDA:5,(anonymous_0)
FNDA:2,(anonymous_1)
FNDA:3,(anonymous_2)
FNDA:1,(anonymous_3)
FNDA:1,(anonymous_4)
FNDA:1,(anonymous_5)
FNDA:12,(anonymous_6)
DA:9,5
DA:11,5
DA:20,5
DA:21,2
DA:26,5
DA:27,3
DA:28,3
DA:29,3
DA:31,3
DA:32,2
DA:33,2
DA:34,2
DA:37,3
DA:46,5
DA:47,1
DA:54,5
DA:55,1
DA:57,1
DA:64,12
LF:19
LH:19
BRDA:31,0,0,2
BRDA:31,0,1,1
BRF:2
BRH:2
end_of_record
TN:
SF:src/Components/TodoInput.js
FN:5,(anonymous_0)
FNF:1
FNH:1
FNDA:13,(anonymous_0)
DA:6,13
DA:28,3
LF:2
LH:2
BRF:0
BRH:0
end_of_record
TN:
SF:src/Components/TodoList.js
FN:5,(anonymous_0)
FN:6,(anonymous_1)
FN:12,(anonymous_2)
FNF:3
FNH:3
FNDA:13,(anonymous_0)
FNDA:4,(anonymous_1)
FNDA:2,(anonymous_2)
DA:6,13
DA:7,4
DA:12,2
DA:20,13
DA:23,3
LF:5
LH:5
BRF:0
BRH:0
end_of_record
TN:
SF:src/Task2Components/EditModal.js
FN:5,EditModal
FNF:1
FNH:1
FNDA:63,EditModal
DA:6,63
DA:56,3
LF:2
LH:2
BRF:0
BRH:0
end_of_record
TN:
SF:src/Task2Components/HomeCard.js
FN:4,HomeCard
FN:6,(anonymous_1)
FN:114,(anonymous_2)
FN:163,(anonymous_3)
FN:211,(anonymous_4)
FNF:5
FNH:5
FNDA:33,HomeCard
FNDA:1,(anonymous_1)
FNDA:15,(anonymous_2)
FNDA:15,(anonymous_3)
FNDA:15,(anonymous_4)
DA:5,33
DA:6,31
DA:7,1
DA:9,31
DA:115,15
DA:121,2
DA:150,13
DA:164,15
DA:165,2
DA:194,13
DA:212,15
DA:252,2
LF:12
LH:12
BRDA:113,0,0,31
BRDA:113,0,1,30
BRDA:115,1,0,2
BRDA:115,1,1,13
BRDA:116,2,0,15
BRDA:116,2,1,4
BRDA:116,2,2,4
BRDA:116,2,3,2
BRDA:162,3,0,31
BRDA:162,3,1,30
BRDA:164,4,0,2
BRDA:164,4,1,13
BRDA:210,5,0,31
BRDA:210,5,1,30
BRF:14
BRH:14
end_of_record
TN:
SF:src/Task2Components/List.js
FN:6,List
FN:20,(anonymous_1)
FN:23,(anonymous_2)
FN:25,(anonymous_3)
FN:51,(anonymous_4)
FN:61,(anonymous_5)
FN:73,(anonymous_6)
FN:78,(anonymous_7)
FN:83,(anonymous_8)
FN:86,(anonymous_9)
FN:99,(anonymous_10)
FN:102,(anonymous_11)
FN:115,(anonymous_12)
FN:129,(anonymous_13)
FN:132,(anonymous_14)
FN:135,(anonymous_15)
FN:214,(anonymous_16)
FN:224,(anonymous_17)
FN:229,(anonymous_18)
FN:243,(anonymous_19)
FN:248,(anonymous_20)
FN:266,(anonymous_21)
FN:271,(anonymous_22)
FNF:23
FNH:23
FNDA:80,List
FNDA:2,(anonymous_1)
FNDA:16,(anonymous_2)
FNDA:16,(anonymous_3)
FNDA:1,(anonymous_4)
FNDA:2,(anonymous_5)
FNDA:1,(anonymous_6)
FNDA:1,(anonymous_7)
FNDA:3,(anonymous_8)
FNDA:2,(anonymous_9)
FNDA:1,(anonymous_10)
FNDA:1,(anonymous_11)
FNDA:1,(anonymous_12)
FNDA:2,(anonymous_13)
FNDA:2,(anonymous_14)
FNDA:2,(anonymous_15)
FNDA:49,(anonymous_16)
FNDA:1,(anonymous_17)
FNDA:37,(anonymous_18)
FNDA:1,(anonymous_19)
FNDA:1,(anonymous_20)
FNDA:1,(anonymous_21)
FNDA:2,(anonymous_22)
DA:7,80
DA:8,78
DA:9,78
DA:10,78
DA:11,78
DA:12,78
DA:13,78
DA:14,78
DA:15,78
DA:16,78
DA:17,78
DA:18,78
DA:20,78
DA:21,2
DA:23,78
DA:24,16
DA:25,16
DA:26,16
DA:28,16
DA:32,16
DA:35,16
DA:36,14
DA:37,14
DA:39,16
DA:40,15
DA:41,15
DA:43,16
DA:44,15
DA:45,15
DA:48,16
DA:51,78
DA:52,1
DA:56,1
DA:59,1
DA:61,78
DA:62,2
DA:63,1
DA:66,1
DA:69,1
DA:70,1
DA:73,78
DA:74,1
DA:75,1
DA:78,78
DA:79,1
DA:80,1
DA:81,1
DA:83,78
DA:84,3
DA:86,78
DA:87,2
DA:91,2
DA:94,2
DA:96,2
DA:97,2
DA:99,78
DA:100,1
DA:102,78
DA:103,1
DA:106,1
DA:108,1
DA:111,1
DA:112,1
DA:113,1
DA:115,78
DA:116,1
DA:119,1
DA:121,1
DA:125,1
DA:127,1
DA:129,78
DA:130,2
DA:132,78
DA:133,2
DA:135,78
DA:136,2
DA:139,2
DA:141,2
DA:145,2
DA:148,2
DA:152,2
DA:154,2
DA:156,2
DA:157,2
DA:159,78
DA:215,49
DA:224,1
DA:230,37
DA:231,32
DA:243,1
DA:249,1
DA:256,5
DA:266,1
DA:271,2
DA:310,2
LF:95
LH:95
BRDA:35,0,0,14
BRDA:35,0,1,2
BRDA:35,1,0,16
BRDA:35,1,1,16
BRDA:39,2,0,15
BRDA:39,2,1,1
BRDA:43,3,0,15
BRDA:43,3,1,1
BRDA:62,4,0,1
BRDA:62,4,1,1
BRDA:62,5,0,2
BRDA:62,5,1,2
BRDA:62,5,2,1
BRDA:161,6,0,62
BRDA:161,6,1,16
BRDA:161,7,0,78
BRDA:161,7,1,62
BRDA:213,8,0,49
BRDA:213,8,1,13
BRDA:230,9,0,32
BRDA:230,9,1,5
BRF:21
BRH:21
end_of_record
TN:
SF:src/Task2Components/Modal.js
FN:6,Modal
FNF:1
FNH:1
FNDA:32,Modal
DA:7,32
DA:58,2
LF:2
LH:2
BRF:0
BRH:0
end_of_record
TN:
SF:src/Task2Components/NavBar.js
FN:6,NavBar
FN:8,(anonymous_1)
FN:12,(anonymous_2)
FNF:3
FNH:3
FNDA:36,NavBar
FNDA:3,(anonymous_1)
FNDA:1,(anonymous_2)
DA:7,36
DA:8,34
DA:9,3
DA:10,3
DA:12,34
DA:13,1
DA:14,1
DA:15,1
DA:17,34
DA:108,2
LF:10
LH:10
BRF:0
BRH:0
end_of_record
